<?xml version="1.0" encoding="UTF-8"?>
<testng-results skipped="0" failed="0" total="3" passed="3">
  <reporter-output>
  </reporter-output>
  <suite name="lrga" duration-ms="40" started-at="2014-07-01T13:54:14Z" finished-at="2014-07-01T13:54:14Z">
    <groups>
    </groups>
    <test name="lrga-b1" duration-ms="40" started-at="2014-07-01T13:54:14Z" finished-at="2014-07-01T13:54:14Z">
      <class name="com.oracle.examples.One">
        <test-method status="PASS" signature="testB()[pri:0, instance:com.oracle.examples.One@17a47e82]" name="testB" duration-ms="19" started-at="2014-07-01T13:54:14Z" finished-at="2014-07-01T13:54:14Z">
        </test-method>
        <test-method status="PASS" signature="testA()[pri:0, instance:com.oracle.examples.One@17a47e82]" name="testA" duration-ms="1" started-at="2014-07-01T13:54:14Z" depends-on-methods="com.oracle.examples.One.testB" finished-at="2014-07-01T13:54:14Z">
        </test-method>
      </class>
      <class name="com.oracle.examples.Two">
        <test-method status="PASS" signature="testC()[pri:0, instance:com.oracle.examples.Two@721cd0fa]" name="testC" duration-ms="0" started-at="2014-07-01T13:54:14Z" finished-at="2014-07-01T13:54:14Z">
        </test-method>
      </class>
    </test>
  </suite>
</testng-results>
