<?xml version="1.0" encoding="UTF-8"?>
<testng-results skipped="0" failed="0" total="3" passed="3">
  <reporter-output>
  </reporter-output>
  <suite name="lrga" duration-ms="26" started-at="2014-06-13T18:27:28Z" finished-at="2014-06-13T18:27:28Z">
    <groups>
    </groups>
    <test name="lrgb-b1" duration-ms="26" started-at="2014-06-13T18:27:28Z" finished-at="2014-06-13T18:27:28Z">
      <class name="com.oracle.examples.Six">
        <test-method status="PASS" signature="testH()[pri:0, instance:com.oracle.examples.Six@bccb4e6]" name="testH" duration-ms="8" started-at="2014-06-13T18:27:28Z" finished-at="2014-06-13T18:27:28Z">
        </test-method>
        <test-method status="PASS" signature="testI()[pri:0, instance:com.oracle.examples.Six@bccb4e6]" name="testI" duration-ms="3" started-at="2014-06-13T18:27:28Z" finished-at="2014-06-13T18:27:28Z">
        </test-method>
        <test-method status="PASS" signature="testJ()[pri:0, instance:com.oracle.examples.Six@bccb4e6]" name="testJ" duration-ms="0" started-at="2014-06-13T18:27:28Z" finished-at="2014-06-13T18:27:28Z">
        </test-method>
      </class>
    </test>
  </suite>
</testng-results>
