<?xml version="1.0" encoding="UTF-8"?>
<testng-results skipped="0" failed="0" total="1" passed="1">
  <reporter-output>
  </reporter-output>
  <suite name="lrga" duration-ms="21" started-at="2014-06-27T04:27:41Z" finished-at="2014-06-27T04:27:41Z">
    <groups>
    </groups>
    <test name="lrga-b1" duration-ms="21" started-at="2014-06-27T04:27:41Z" finished-at="2014-06-27T04:27:41Z">
      <class name="com.oracle.samples.HelloWorld">
        <test-method status="PASS" signature="myTest()[pri:0, instance:com.oracle.samples.HelloWorld@6a969c29]" name="myTest" duration-ms="7" started-at="2014-06-27T04:27:41Z" finished-at="2014-06-27T04:27:41Z">
        </test-method>
      </class>
    </test>
  </suite>
</testng-results>
